########### array before sorts ###########
0	2.540000	0.000000	48.260000	0.000000	n
1	48.260000	0.000000	48.917400	0.086548	n
2	48.917400	0.086548	49.530000	0.340295	n
3	49.530000	0.340295	50.056051	0.743949	n
4	50.056051	0.743949	50.459705	1.270000	n
5	50.459705	1.270000	50.713452	1.882600	n
6	50.713452	1.882600	50.800000	2.540000	n
7	50.800000	2.540000	50.800000	20.320000	n
8	50.800000	20.320000	50.713452	20.977400	n
9	50.713452	20.977400	50.459705	21.590000	n
10	50.459705	21.590000	50.056051	22.116051	n
11	50.056051	22.116051	49.530000	22.519705	n
12	49.530000	22.519705	48.917400	22.773452	n
13	48.917400	22.773452	48.260000	22.860000	n
14	48.260000	22.860000	2.540000	22.860000	n
15	2.540000	22.860000	1.882600	22.773452	n
16	1.882600	22.773452	1.270000	22.519705	n
17	1.270000	22.519705	0.743949	22.116051	n
18	0.743949	22.116051	0.340295	21.590000	n
19	0.340295	21.590000	0.086548	20.977400	n
20	0.086548	20.977400	0.000000	20.320000	n
21	0.000000	20.320000	0.000000	14.097000	n
22	0.000000	14.097000	0.508000	13.589000	n
23	0.508000	13.589000	0.508000	9.398000	n
24	0.508000	9.398000	0.000000	8.890000	n
25	0.000000	8.890000	0.000000	2.540000	n
26	0.000000	2.540000	0.086548	1.882600	n
27	0.086548	1.882600	0.340295	1.270000	n
28	0.340295	1.270000	0.743949	0.743949	n
29	0.743949	0.743949	1.270000	0.340295	n
30	1.270000	0.340295	1.882600	0.086548	n
31	1.882600	0.086548	2.540000	0.000000	n
Tolerance=0.050000.
*Exact match for i=0 and j=1.
*i point 2.540000	0.000000	48.260000	0.000000	y
*Exact match for i=1 and j=2.
*i point 48.260000	0.000000	48.917400	0.086548	y
*Exact match for i=2 and j=3.
*i point 48.917400	0.086548	49.530000	0.340295	y
*Exact match for i=3 and j=4.
*i point 49.530000	0.340295	50.056051	0.743949	y
*Exact match for i=4 and j=5.
*i point 50.056051	0.743949	50.459705	1.270000	y
*Exact match for i=5 and j=6.
*i point 50.459705	1.270000	50.713452	1.882600	y
*Exact match for i=6 and j=7.
*i point 50.713452	1.882600	50.800000	2.540000	y
*Exact match for i=7 and j=8.
*i point 50.800000	2.540000	50.800000	20.320000	y
*Exact match for i=8 and j=9.
*i point 50.800000	20.320000	50.713452	20.977400	y
*Exact match for i=9 and j=10.
*i point 50.713452	20.977400	50.459705	21.590000	y
*Exact match for i=10 and j=11.
*i point 50.459705	21.590000	50.056051	22.116051	y
*Exact match for i=11 and j=12.
*i point 50.056051	22.116051	49.530000	22.519705	y
*Exact match for i=12 and j=13.
*i point 49.530000	22.519705	48.917400	22.773452	y
*Exact match for i=13 and j=14.
*i point 48.917400	22.773452	48.260000	22.860000	y
*Exact match for i=14 and j=15.
*i point 48.260000	22.860000	2.540000	22.860000	y
*Exact match for i=15 and j=16.
*i point 2.540000	22.860000	1.882600	22.773452	y
*Exact match for i=16 and j=17.
*i point 1.882600	22.773452	1.270000	22.519705	y
*Exact match for i=17 and j=18.
*i point 1.270000	22.519705	0.743949	22.116051	y
*Exact match for i=18 and j=19.
*i point 0.743949	22.116051	0.340295	21.590000	y
*Exact match for i=19 and j=20.
*i point 0.340295	21.590000	0.086548	20.977400	y
*Exact match for i=20 and j=21.
*i point 0.086548	20.977400	0.000000	20.320000	y
*Exact match for i=21 and j=22.
*i point 0.000000	20.320000	0.000000	14.097000	y
*Exact match for i=22 and j=23.
*i point 0.000000	14.097000	0.508000	13.589000	y
*Exact match for i=23 and j=24.
*i point 0.508000	13.589000	0.508000	9.398000	y
*Exact match for i=24 and j=25.
*i point 0.508000	9.398000	0.000000	8.890000	y
*Exact match for i=25 and j=26.
*i point 0.000000	8.890000	0.000000	2.540000	y
*Exact match for i=26 and j=27.
*i point 0.000000	2.540000	0.086548	1.882600	y
*Exact match for i=27 and j=28.
*i point 0.086548	1.882600	0.340295	1.270000	y
*Exact match for i=28 and j=29.
*i point 0.340295	1.270000	0.743949	0.743949	y
*Exact match for i=29 and j=30.
*i point 0.743949	0.743949	1.270000	0.340295	y
*Exact match for i=30 and j=31.
*i point 1.270000	0.340295	1.882600	0.086548	y
########### array after sorts ###########
0	2.540000	0.000000	48.260000	0.000000	y
1	48.260000	0.000000	48.917400	0.086548	y
2	48.917400	0.086548	49.530000	0.340295	y
3	49.530000	0.340295	50.056051	0.743949	y
4	50.056051	0.743949	50.459705	1.270000	y
5	50.459705	1.270000	50.713452	1.882600	y
6	50.713452	1.882600	50.800000	2.540000	y
7	50.800000	2.540000	50.800000	20.320000	y
8	50.800000	20.320000	50.713452	20.977400	y
9	50.713452	20.977400	50.459705	21.590000	y
10	50.459705	21.590000	50.056051	22.116051	y
11	50.056051	22.116051	49.530000	22.519705	y
12	49.530000	22.519705	48.917400	22.773452	y
13	48.917400	22.773452	48.260000	22.860000	y
14	48.260000	22.860000	2.540000	22.860000	y
15	2.540000	22.860000	1.882600	22.773452	y
16	1.882600	22.773452	1.270000	22.519705	y
17	1.270000	22.519705	0.743949	22.116051	y
18	0.743949	22.116051	0.340295	21.590000	y
19	0.340295	21.590000	0.086548	20.977400	y
20	0.086548	20.977400	0.000000	20.320000	y
21	0.000000	20.320000	0.000000	14.097000	y
22	0.000000	14.097000	0.508000	13.589000	y
23	0.508000	13.589000	0.508000	9.398000	y
24	0.508000	9.398000	0.000000	8.890000	y
25	0.000000	8.890000	0.000000	2.540000	y
26	0.000000	2.540000	0.086548	1.882600	y
27	0.086548	1.882600	0.340295	1.270000	y
28	0.340295	1.270000	0.743949	0.743949	y
29	0.743949	0.743949	1.270000	0.340295	y
30	1.270000	0.340295	1.882600	0.086548	y
31	1.882600	0.086548	2.540000	0.000000	y
***************
.BOARD_OUTLINE UNOWNED
1.6
0     2.540000     0.000000     0
0     48.260000     0.000000     0
0     48.917400     0.086548     0
0     49.530000     0.340295     0
0     50.056051     0.743949     0
0     50.459705     1.270000     0
0     50.713452     1.882600     0
0     50.800000     2.540000     0
0     50.800000     20.320000     0
0     50.713452     20.977400     0
0     50.459705     21.590000     0
0     50.056051     22.116051     0
0     49.530000     22.519705     0
0     48.917400     22.773452     0
0     48.260000     22.860000     0
0     2.540000     22.860000     0
0     1.882600     22.773452     0
0     1.270000     22.519705     0
0     0.743949     22.116051     0
0     0.340295     21.590000     0
0     0.086548     20.977400     0
0     0.000000     20.320000     0
0     0.000000     14.097000     0
0     0.508000     13.589000     0
0     0.508000     9.398000     0
0     0.000000     8.890000     0
0     0.000000     2.540000     0
0     0.086548     1.882600     0
0     0.340295     1.270000     0
0     0.743949     0.743949     0
0     1.270000     0.340295     0
0     1.882600     0.086548     0
0     2.540000     0.000000     0
