########### array before sorts ###########
0	0.000000	20.955000	0.000000	1.905000	n
1	0.000000	1.905000	0.064911	1.411950	n
2	0.064911	1.411950	0.255222	0.952500	n
3	0.255222	0.952500	0.557962	0.557962	n
4	0.557962	0.557962	0.952500	0.255222	n
5	0.952500	0.255222	1.411950	0.064911	n
6	1.411950	0.064911	1.905000	0.000000	n
7	1.905000	0.000000	48.895000	0.000000	n
8	48.895000	0.000000	50.735089	1.411950	n
9	50.735089	1.411950	50.544778	0.952500	n
10	50.544778	0.952500	50.242038	0.557962	n
11	50.242038	0.557962	49.847500	0.255222	n
12	49.847500	0.255222	49.388050	0.064911	n
13	49.388050	0.064911	50.800000	1.905000	n
14	50.800000	1.905000	50.800000	20.955000	n
15	50.800000	20.955000	50.735089	21.448050	n
16	50.735089	21.448050	50.544778	21.907500	n
17	50.544778	21.907500	50.242038	22.302038	n
18	50.242038	22.302038	49.847500	22.604778	n
19	49.847500	22.604778	49.388050	22.795089	n
20	49.388050	22.795089	48.895000	22.860000	n
21	48.895000	22.860000	1.905000	22.860000	n
22	1.905000	22.860000	1.411950	22.795089	n
23	1.411950	22.795089	0.952500	22.604778	n
24	0.952500	22.604778	0.557962	22.302038	n
25	0.557962	22.302038	0.255222	21.907500	n
26	0.255222	21.907500	0.064911	21.448050	n
27	0.064911	21.448050	0.000000	20.955000	n
Tolerance=0.050000.
*Exact match for i=0 and j=1.
*i point 0.000000	20.955000	0.000000	1.905000	y
*Exact match for i=1 and j=2.
*i point 0.000000	1.905000	0.064911	1.411950	y
*Exact match for i=2 and j=3.
*i point 0.064911	1.411950	0.255222	0.952500	y
*Exact match for i=3 and j=4.
*i point 0.255222	0.952500	0.557962	0.557962	y
*Exact match for i=4 and j=5.
*i point 0.557962	0.557962	0.952500	0.255222	y
*Exact match for i=5 and j=6.
*i point 0.952500	0.255222	1.411950	0.064911	y
*Exact match for i=6 and j=7.
*i point 1.411950	0.064911	1.905000	0.000000	y
*Exact match for i=7 and j=8.
*i point 1.905000	0.000000	48.895000	0.000000	y
*Exact match for i=8 and j=9.
*i point 48.895000	0.000000	50.735089	1.411950	y
*Exact match for i=9 and j=10.
*i point 50.735089	1.411950	50.544778	0.952500	y
*Exact match for i=10 and j=11.
*i point 50.544778	0.952500	50.242038	0.557962	y
*Exact match for i=11 and j=12.
*i point 50.242038	0.557962	49.847500	0.255222	y
*Exact match for i=12 and j=13.
*i point 49.847500	0.255222	49.388050	0.064911	y
*Exact match for i=13 and j=14.
*i point 49.388050	0.064911	50.800000	1.905000	y
*Exact match for i=14 and j=15.
*i point 50.800000	1.905000	50.800000	20.955000	y
*Exact match for i=15 and j=16.
*i point 50.800000	20.955000	50.735089	21.448050	y
*Exact match for i=16 and j=17.
*i point 50.735089	21.448050	50.544778	21.907500	y
*Exact match for i=17 and j=18.
*i point 50.544778	21.907500	50.242038	22.302038	y
*Exact match for i=18 and j=19.
*i point 50.242038	22.302038	49.847500	22.604778	y
*Exact match for i=19 and j=20.
*i point 49.847500	22.604778	49.388050	22.795089	y
*Exact match for i=20 and j=21.
*i point 49.388050	22.795089	48.895000	22.860000	y
*Exact match for i=21 and j=22.
*i point 48.895000	22.860000	1.905000	22.860000	y
*Exact match for i=22 and j=23.
*i point 1.905000	22.860000	1.411950	22.795089	y
*Exact match for i=23 and j=24.
*i point 1.411950	22.795089	0.952500	22.604778	y
*Exact match for i=24 and j=25.
*i point 0.952500	22.604778	0.557962	22.302038	y
*Exact match for i=25 and j=26.
*i point 0.557962	22.302038	0.255222	21.907500	y
*Exact match for i=26 and j=27.
*i point 0.255222	21.907500	0.064911	21.448050	y
########### array after sorts ###########
0	0.000000	20.955000	0.000000	1.905000	y
1	0.000000	1.905000	0.064911	1.411950	y
2	0.064911	1.411950	0.255222	0.952500	y
3	0.255222	0.952500	0.557962	0.557962	y
4	0.557962	0.557962	0.952500	0.255222	y
5	0.952500	0.255222	1.411950	0.064911	y
6	1.411950	0.064911	1.905000	0.000000	y
7	1.905000	0.000000	48.895000	0.000000	y
8	48.895000	0.000000	50.735089	1.411950	y
9	50.735089	1.411950	50.544778	0.952500	y
10	50.544778	0.952500	50.242038	0.557962	y
11	50.242038	0.557962	49.847500	0.255222	y
12	49.847500	0.255222	49.388050	0.064911	y
13	49.388050	0.064911	50.800000	1.905000	y
14	50.800000	1.905000	50.800000	20.955000	y
15	50.800000	20.955000	50.735089	21.448050	y
16	50.735089	21.448050	50.544778	21.907500	y
17	50.544778	21.907500	50.242038	22.302038	y
18	50.242038	22.302038	49.847500	22.604778	y
19	49.847500	22.604778	49.388050	22.795089	y
20	49.388050	22.795089	48.895000	22.860000	y
21	48.895000	22.860000	1.905000	22.860000	y
22	1.905000	22.860000	1.411950	22.795089	y
23	1.411950	22.795089	0.952500	22.604778	y
24	0.952500	22.604778	0.557962	22.302038	y
25	0.557962	22.302038	0.255222	21.907500	y
26	0.255222	21.907500	0.064911	21.448050	y
27	0.064911	21.448050	0.000000	20.955000	y
***************
.BOARD_OUTLINE UNOWNED
1.6
0     0.000000     20.955000     0
0     0.000000     1.905000     0
0     0.064911     1.411950     0
0     0.255222     0.952500     0
0     0.557962     0.557962     0
0     0.952500     0.255222     0
0     1.411950     0.064911     0
0     1.905000     0.000000     0
0     48.895000     0.000000     0
0     50.735089     1.411950     0
0     50.544778     0.952500     0
0     50.242038     0.557962     0
0     49.847500     0.255222     0
0     49.388050     0.064911     0
0     50.800000     1.905000     0
0     50.800000     20.955000     0
0     50.735089     21.448050     0
0     50.544778     21.907500     0
0     50.242038     22.302038     0
0     49.847500     22.604778     0
0     49.388050     22.795089     0
0     48.895000     22.860000     0
0     1.905000     22.860000     0
0     1.411950     22.795089     0
0     0.952500     22.604778     0
0     0.557962     22.302038     0
0     0.255222     21.907500     0
0     0.064911     21.448050     0
0     0.000000     20.955000     0
